2020-06-13 07:16:01,490 [Worker-2: Loading available Gradle versions] INFO  o.e.b.c.i.u.g.PublishedGradleVersions - Gradle version information cache is not available. Remote download required.
2020-06-13 07:17:39,733 [Start Help Server] INFO  org.eclipse.jetty.util.log - Logging initialized @161912ms to org.eclipse.jetty.util.log.Slf4jLog
2020-06-13 07:17:39,815 [Start Help Server] INFO  org.eclipse.jetty.server.Server - jetty-9.4.27.v20200227; built: 2020-03-02T14:40:42.212Z; git: a304fd9f351f337e7c0e2a7c28878dd536149c6c; jvm 1.8.0_251-b08
2020-06-13 07:17:39,830 [Start Help Server] INFO  org.eclipse.jetty.server.session - DefaultSessionIdManager workerName=node0
2020-06-13 07:17:39,830 [Start Help Server] INFO  org.eclipse.jetty.server.session - No SessionScavenger set, using defaults
2020-06-13 07:17:39,830 [Start Help Server] INFO  org.eclipse.jetty.server.session - node0 Scavenging every 660000ms
2020-06-13 07:17:39,851 [Start Help Server] INFO  o.e.j.server.handler.ContextHandler - Started o.e.j.s.ServletContextHandler@317b398e{/help,null,AVAILABLE}
2020-06-13 07:17:39,859 [Start Help Server] INFO  o.e.jetty.server.AbstractConnector - Started ServerConnector@59cee2c6{HTTP/1.1, (http/1.1)}{127.0.0.1:50363}
2020-06-13 07:17:39,859 [Start Help Server] INFO  org.eclipse.jetty.server.Server - Started @162040ms
2020-06-13 07:17:39,860 [Start Help Server] INFO  org.eclipse.jetty.server.session - node0 Scavenging every 726000ms
2020-06-13 15:34:09,459 [Stop Help Server] INFO  o.e.jetty.server.AbstractConnector - Stopped ServerConnector@59cee2c6{HTTP/1.1, (http/1.1)}{127.0.0.1:0}
2020-06-13 15:34:09,459 [Stop Help Server] INFO  org.eclipse.jetty.server.session - node0 Stopped scavenging
2020-06-13 15:34:09,469 [Stop Help Server] INFO  o.e.j.server.handler.ContextHandler - Stopped o.e.j.s.ServletContextHandler@317b398e{/help,null,UNAVAILABLE}
2020-06-14 12:46:09,224 [Worker-5: Loading available Gradle versions] INFO  o.e.b.c.i.u.g.PublishedGradleVersions - Gradle version information cache is out-of-date. Trying to update.
2020-06-15 08:27:42,869 [Worker-2: Loading available Gradle versions] INFO  o.e.b.c.i.u.g.PublishedGradleVersions - Gradle version information cache is up-to-date. Trying to read.
2020-06-15 09:17:44,564 [Worker-3: Loading available Gradle versions] INFO  o.e.b.c.i.u.g.PublishedGradleVersions - Gradle version information cache is up-to-date. Trying to read.
2020-06-15 17:42:41,935 [Worker-4: Loading available Gradle versions] INFO  o.e.b.c.i.u.g.PublishedGradleVersions - Gradle version information cache is out-of-date. Trying to update.
2020-06-18 10:38:21,430 [Worker-19: Loading available Gradle versions] INFO  o.e.b.c.i.u.g.PublishedGradleVersions - Gradle version information cache is up-to-date. Trying to read.
2020-06-18 10:41:49,917 [Worker-0: Loading available Gradle versions] INFO  o.e.b.c.i.u.g.PublishedGradleVersions - Gradle version information cache is up-to-date. Trying to read.
2020-06-18 14:50:03,454 [Worker-3: Loading available Gradle versions] INFO  o.e.b.c.i.u.g.PublishedGradleVersions - Gradle version information cache is up-to-date. Trying to read.
2020-06-20 14:13:46,913 [Worker-2: Loading available Gradle versions] INFO  o.e.b.c.i.u.g.PublishedGradleVersions - Gradle version information cache is out-of-date. Trying to update.
2020-06-20 17:41:55,333 [Worker-4: Loading available Gradle versions] INFO  o.e.b.c.i.u.g.PublishedGradleVersions - Gradle version information cache is up-to-date. Trying to read.
2020-06-21 08:11:00,672 [Worker-4: Loading available Gradle versions] INFO  o.e.b.c.i.u.g.PublishedGradleVersions - Gradle version information cache is up-to-date. Trying to read.
2020-06-21 10:58:51,092 [Worker-0: Loading available Gradle versions] INFO  o.e.b.c.i.u.g.PublishedGradleVersions - Gradle version information cache is up-to-date. Trying to read.
2020-06-22 09:01:10,807 [Worker-8: Loading available Gradle versions] INFO  o.e.b.c.i.u.g.PublishedGradleVersions - Gradle version information cache is out-of-date. Trying to update.
2020-06-25 09:09:33,599 [Worker-3: Loading available Gradle versions] INFO  o.e.b.c.i.u.g.PublishedGradleVersions - Gradle version information cache is out-of-date. Trying to update.
2021-01-02 19:41:46,820 [Worker-3: Loading available Gradle versions] INFO  o.e.b.c.i.u.g.PublishedGradleVersions - Gradle version information cache is out-of-date. Trying to update.
2021-01-02 19:41:46,966 [Worker-3: Loading available Gradle versions] INFO  o.e.b.c.i.u.g.PublishedGradleVersions - Updating Gradle version information cache failed. Using outdated cache.
2021-02-16 15:44:53,375 [Worker-1: Loading available Gradle versions] INFO  o.e.b.c.i.u.g.PublishedGradleVersions - Gradle version information cache is out-of-date. Trying to update.
2021-02-21 09:13:36,547 [Worker-15: Loading available Gradle versions] INFO  o.e.b.c.i.u.g.PublishedGradleVersions - Gradle version information cache is out-of-date. Trying to update.
2021-02-23 06:27:14,324 [Worker-4: Loading available Gradle versions] INFO  o.e.b.c.i.u.g.PublishedGradleVersions - Gradle version information cache is up-to-date. Trying to read.
2021-07-17 19:52:18,166 [Worker-2: Loading available Gradle versions] INFO  o.e.b.c.i.u.g.PublishedGradleVersions - Gradle version information cache is out-of-date. Trying to update.
2021-07-17 19:52:18,522 [Worker-2: Loading available Gradle versions] INFO  o.e.b.c.i.u.g.PublishedGradleVersions - Updating Gradle version information cache failed. Using outdated cache.
2021-08-26 11:59:54,862 [Worker-2: Loading available Gradle versions] INFO  o.e.b.c.i.u.g.PublishedGradleVersions - Gradle version information cache is out-of-date. Trying to update.
2021-10-22 23:01:40,258 [Worker-9: Loading available Gradle versions] INFO  o.e.b.c.i.u.g.PublishedGradleVersions - Gradle version information cache is up-to-date. Trying to read.
2022-03-22 22:46:40,843 [Worker-5: Loading available Gradle versions] INFO  o.e.b.c.i.u.g.PublishedGradleVersions - Gradle version information cache is out-of-date. Trying to update.
2022-03-27 11:01:39,641 [Worker-7: Loading available Gradle versions] INFO  o.e.b.c.i.u.g.PublishedGradleVersions - Gradle version information cache is up-to-date. Trying to read.
2022-03-27 11:06:35,137 [Worker-5: Loading available Gradle versions] INFO  o.e.b.c.i.u.g.PublishedGradleVersions - Gradle version information cache is up-to-date. Trying to read.
